[08-12 07:42:40] RECV: REGISTER|hopdeptrai|23102004

[08-12 07:42:40] SEND: 0|Register OK

[08-12 07:42:52] RECV: LOGIN|hopdeptrai|23102004

[08-12 07:42:52] SEND: 0|Login OK

[08-12 07:43:55] RECV: REGISTER|triduc|23102004

[08-12 07:43:55] SEND: 0|Register OK

[08-12 07:44:04] RECV: LOGIN|triduc|23102004

[08-12 07:44:04] SEND: 0|Login OK

[08-12 07:44:12] RECV: CREATE_PROJECT|QLCV

[08-12 07:46:03] RECV: LOGIN|triduc1|23102003

[08-12 07:46:03] SEND: 1|Login failed

[08-12 07:46:19] RECV: LOGIN|[A|[A

[08-12 07:46:19] SEND: 1|Login failed

[08-12 08:05:03] RECV: REGISTER|hop|123

[08-12 08:05:03] SEND: 0|Register OK

[08-12 08:05:12] RECV: REGISTER|duc|123

[08-12 08:05:12] SEND: 0|Register OK

[08-12 08:05:23] RECV: LOGIN|hop|123

[08-12 08:05:23] SEND: 0|Login OK

[08-12 08:05:35] RECV: LOGIN|duc|123

[08-12 08:05:35] SEND: 0|Login OK

[08-12 08:05:43] RECV: CREATE_PROJECT|QLCV

[08-12 08:05:44] SEND: 0|Project created

[08-12 08:06:36] RECV: INVITE_MEMBER|duc|duc

[08-12 08:06:36] SEND: 1|Invite failed

[08-12 08:06:47] RECV: INVITE_MEMBER|QLCV|duc

[08-12 08:06:47] SEND: 1|Invite failed

[08-12 08:24:16] RECV: LOGIN|hop|123

[08-12 08:24:16] SEND: 0|Login OK

[08-12 08:24:27] RECV: LOGIN|duc|123

[08-12 08:24:27] SEND: 0|Login OK

[08-12 08:24:35] RECV: LIST_PROJECT

[08-12 08:24:35] SEND: 1|Unknown command

[08-12 08:32:51] RECV: LOGIN|hop|123

[08-12 08:32:51] SEND: 0|Login OK

[08-12 08:32:59] RECV: LOGIN|duc|123

[08-12 08:32:59] SEND: 0|Login OK

[08-12 08:33:23] RECV: LOGIN|hopdz|123

[08-12 08:33:23] SEND: 1|Login failed

[08-12 08:33:51] RECV: CREATE_PROJECT|QLCV_LTM

[08-12 08:33:51] SEND: 0|Project created

[08-12 08:33:59] RECV: LIST_PROJECT

[08-12 08:33:59] SEND: 1|Unknown command

[08-12 08:34:20] RECV: INVITE_MEMBER|1|duc

[08-12 08:34:20] SEND: 0|Member invited

[08-12 08:42:11] RECV: LOGIN|hopdz|123

[08-12 08:42:11] SEND: 1|Login failed

[08-12 08:42:17] RECV: LOGIN|hop|123

[08-12 08:42:17] SEND: 0|Login OK

[08-12 08:42:22] RECV: LOGIN|duc|123

[08-12 08:42:22] SEND: 0|Login OK

[08-12 08:42:35] RECV: CREATE_PROJECT|LTM

[08-12 08:42:35] SEND: 0|Project created

[08-12 08:42:42] RECV: LIST_PROJECT

[08-12 08:42:42] SEND: 1|Unknown command

[08-12 08:42:52] RECV: INVITE_MEMBER|LLTM|duc

[08-12 08:42:52] SEND: 0|Member invited

[08-12 08:43:04] RECV: LIST_PROJECT

[08-12 08:43:04] SEND: 1|Unknown command

[08-12 08:43:35] RECV: INVITE_MEMBER|LTM|duc

[08-12 08:43:35] SEND: 1|Invite failed

[08-12 08:44:29] RECV: CREATE_TASK|LTM|login|create login page

[08-12 08:44:29] SEND: 0|Task created

[08-12 08:44:51] RECV: ASSIGN_TASK|login|duc

[08-12 08:44:51] SEND: 0|Task assigned

[08-12 08:45:57] RECV: LIST_PROJECT

[08-12 08:45:57] SEND: 1|Unknown command

[08-12 08:46:44] RECV: INVITE_MEMBER|LTM|duc

[08-12 08:46:44] SEND: 1|Invite failed

[08-12 08:46:54] RECV: LIST_PROJECT

[08-12 08:46:54] SEND: 1|Unknown command

[08-12 08:47:16] RECV: REGISTER|hopdz|123

[08-12 08:47:16] SEND: 0|Register OK

[08-12 08:47:24] RECV: LOGIN|hopdz|123

[08-12 08:47:24] SEND: 0|Login OK

[08-12 08:47:31] RECV: INVITE_MEMBER|LTM|hopdz

[08-12 08:47:31] SEND: 0|Member invited

[08-12 08:47:48] RECV: LIST_PROJECT

[08-12 08:47:48] SEND: 1|Unknown command

[08-12 08:47:55] RECV: INVITE_MEMBER|QLCV|hopdz

[08-12 08:47:55] SEND: 1|Invite failed

[08-12 08:49:03] RECV: LIST_PROJECT

[08-12 08:49:03] SEND: 1|Unknown command

[08-12 08:49:11] RECV: INVITE_MEMBER|cksjda|duc

[08-12 08:49:11] SEND: 1|Invite failed

[08-12 08:49:18] RECV: LIST_PROJECT

[08-12 08:49:18] SEND: 1|Unknown command

[08-12 08:49:38] RECV: INVITE_MEMBER|LTM|duc

[08-12 08:49:38] SEND: 1|Invite failed

[08-12 09:03:34] RECV: LOGIN|hop|123

[08-12 09:03:34] SEND: 0|Login OK

[08-12 09:03:36] RECV: LIST_PROJECT

[08-12 09:03:36] SEND: 1|Unknown command

[08-12 09:04:10] RECV: LIST_TASK|LTM

[08-12 09:04:10] SEND: 0|1|login|Assignee:0


[08-12 09:04:34] RECV: LOGIN|duc|123

[08-12 09:04:34] SEND: 0|Login OK

[08-12 09:04:43] RECV: LIST_TASK|LTM

[08-12 09:04:43] SEND: 0|1|login|Assignee:0


[08-12 09:04:53] RECV: ASSIGN_TASK|login|duc

[08-12 09:04:53] SEND: 0|Task assigned

[08-12 09:05:18] RECV: CREATE_PROJECT|DATN

[08-12 09:05:18] SEND: 0|Project created

[08-12 09:05:25] RECV: LIST_TASK|LTM

[08-12 09:05:25] SEND: 0|1|login|Assignee:0


[08-12 09:06:36] RECV: CREATE_TASK|LTM|register|create page register

[08-12 09:06:36] SEND: 0|Task created

[08-12 09:06:43] RECV: LIST_TASK|LTM

[08-12 09:06:43] SEND: 0|1|login|Assignee:0
2|register|Assignee:0


[08-12 09:07:36] RECV: LIST_PROJECT

[08-12 09:07:36] SEND: 1|Unknown command

[08-12 09:07:51] RECV: LOGIN|hopdzhopdz|123

[08-12 09:07:51] SEND: 1|Login failed

[08-12 09:07:56] RECV: LOGIN|hopdz|123

[08-12 09:07:56] SEND: 0|Login OK

[08-12 09:08:01] RECV: INVITE_MEMBER|LTM|hopdz

[08-12 09:08:01] SEND: 1|Invite failed

[08-12 09:08:12] RECV: LIST_TASK|LTM

[08-12 09:08:12] SEND: 0|1|login|Assignee:0
2|register|Assignee:0


[08-12 09:08:34] RECV: ASSIGN_TASK|2|hopdz

[08-12 09:08:34] SEND: 0|Task assigned

[08-12 09:08:42] RECV: LIST_TASK|LTM

[08-12 09:08:42] SEND: 0|1|login|Assignee:0
2|register|Assignee:0


[08-12 09:09:54] RECV: LOGIN|hop|123

[08-12 09:09:54] SEND: 0|Login OK

[08-12 09:10:00] RECV: LIST_TASK|LTM

[08-12 09:10:00] SEND: 0|1|login|Assignee:0
2|register|Assignee:0


[08-12 10:49:02] RECV: LOGIN|hop|123

[08-12 10:49:02] SEND: 0|Login OK

[08-12 10:49:06] RECV: LIST_PROJECT

[08-12 10:49:06] SEND: 1|Unknown command

[08-12 10:49:12] RECV: LIST_TASK|LTM

[08-12 10:49:12] SEND: 0|LIST

[08-12 10:49:26] RECV: CREATE_PROJECT|LTM

[08-12 10:49:26] SEND: 0|Project created

[08-12 10:49:40] RECV: LIST_TASK|LTM

[08-12 10:49:40] SEND: 0|LIST

[08-12 10:51:44] RECV: LIST_PROJECT

[08-12 10:51:44] SEND: 1|Unknown command

[08-12 10:56:25] RECV: LOGIN|hop|123

[08-12 10:56:25] SEND: 0|Login OK

[08-12 10:56:30] RECV: LIST_PROJECT

[08-12 10:56:30] SEND: 1|Unknown command

[08-12 10:57:06] RECV: LIST_TASK|LTM

[08-12 10:57:06] SEND: 0|LIST

[08-12 10:57:56] RECV: CREATE_TASK|LTM|logout|Create logout

[08-12 10:57:56] SEND: 0|Task created

[08-12 10:58:01] RECV: LIST_TASK|LTM

[08-12 10:58:01] SEND: 0|LIST

[08-12 11:05:10] RECV: LIST_TASK|LTM

[08-12 11:05:10] SEND: 0|LIST

[08-12 11:05:17] RECV: LIST_PROJECT

[08-12 11:05:17] SEND: 1|Unknown command

[08-12 11:05:29] RECV: LIST_TASK|QLCV

[08-12 11:05:29] SEND: 0|LIST

[08-12 12:47:23] RECV: LOGIN|hop|123

[08-12 12:47:23] SEND: 1|Login failed

[08-12 12:47:37] RECV: REGISTER|hop|123

[08-12 12:47:37] SEND: 0|Register OK

[08-12 12:47:45] RECV: REGISTER|hop|123

[08-12 12:47:45] SEND: 1|Register failed

[08-12 12:47:54] RECV: LOGIN|hop|123

[08-12 12:47:54] SEND: 0|Login OK

[08-12 12:48:00] RECV: CREATE_PROJECT|QLCV

[08-12 12:48:00] SEND: 0|Project created

[08-12 12:48:22] RECV: REGISTER|duc|123

[08-12 12:48:22] SEND: 0|Register OK

[08-12 12:48:26] RECV: LOGIN|duc|123

[08-12 12:48:26] SEND: 0|Login OK

[08-12 12:48:29] RECV: LIST_PROJECT

[08-12 12:48:29] SEND: 1|Unknown command

[08-12 12:48:50] RECV: INVITE_MEMBER|QLCV|duc

[08-12 12:48:50] SEND: 0|Member invited

[08-12 12:49:33] RECV: LIST_PROJECT

[08-12 12:49:33] SEND: 1|Unknown command

[08-12 12:54:29] RECV: LOGIN|hop|123

[08-12 12:54:29] SEND: 0|Login OK

[08-12 12:54:33] RECV: LOGIN|duc|123

[08-12 12:54:33] SEND: 0|Login OK

[08-12 12:55:15] RECV: CREATE_PROJECT|TM

[08-12 12:55:15] SEND: 0|Project created

[08-12 12:55:37] RECV: CREATE_PROJECT|LTM

[08-12 12:55:37] SEND: 0|Project created

[08-12 12:55:51] RECV: LIST_PROJECT

[08-12 12:55:51] SEND: 1|Unknown command

[08-12 12:56:32] RECV: INVITE_MEMBER|LTM|duc

[08-12 12:56:32] SEND: 0|Member invited

[08-12 12:56:37] RECV: LIST_PROJECT

[08-12 12:56:37] SEND: 1|Unknown command

[08-12 12:56:40] RECV: LIST_PROJECT

[08-12 12:56:40] SEND: 1|Unknown command

[08-12 12:56:51] RECV: LIST_PROJECT

[08-12 12:56:51] SEND: 1|Unknown command

[08-12 13:02:30] RECV: LOGIN|hop|123

[08-12 13:02:30] SEND: 0|Login OK

[08-12 13:02:38] RECV: LOGIN|duc|123

[08-12 13:02:38] SEND: 0|Login OK

[08-12 13:02:45] RECV: CREATE_PROJECT|QLCV

[08-12 13:02:45] SEND: 0|Project created

[08-12 13:02:55] RECV: LIST_PROJECT

[08-12 13:02:55] SEND: 0|1|QLCV
2|TM
3|LTM
4|QLCV


[08-12 13:03:10] RECV: INVITE_MEMBER|1|duc

[08-12 13:03:10] SEND: 0|Member invited

[08-12 13:03:14] RECV: LIST_PROJECT

[08-12 13:03:14] SEND: 0|1|QLCV


[08-12 13:03:20] RECV: LIST_PROJECT

[08-12 13:03:20] SEND: 0|1|QLCV


[08-12 13:03:26] RECV: LIST_TASK|1

[08-12 13:03:26] SEND: 0|No tasks

[08-12 13:03:32] RECV: LIST_PROJECT

[08-12 13:03:32] SEND: 0|1|QLCV
2|TM
3|LTM
4|QLCV


[08-12 13:04:01] RECV: CREATE_TASK|1|fe|Design front end

[08-12 13:04:01] SEND: 0|Task created

[08-12 13:04:05] RECV: LIST_PROJECT

[08-12 13:04:05] SEND: 0|1|QLCV


[08-12 13:04:09] RECV: LIST_TASK|1

[08-12 13:04:09] SEND: 0|1|fe|Assignee:0


[08-12 13:04:23] RECV: LIST_TASK|1

[08-12 13:04:23] SEND: 0|1|fe|Assignee:0


[08-12 13:04:33] RECV: ASSIGN_TASK|1|duc

[08-12 13:04:33] SEND: 0|Task assigned

[08-12 13:04:39] RECV: LIST_PROJECT

[08-12 13:04:39] SEND: 0|1|QLCV
2|TM
3|LTM
4|QLCV


[08-12 13:05:01] RECV: LIST_TASK|10

[08-12 13:05:01] SEND: 0|No tasks

[08-12 13:05:40] RECV: LIST_PROJECT

[08-12 13:05:40] SEND: 0|1|QLCV
2|TM
3|LTM
4|QLCV


[08-12 13:05:42] RECV: LIST_TASK|1

[08-12 13:05:42] SEND: 0|1|fe|Assignee:0


[08-12 13:06:54] RECV: LIST_PROJECT

[08-12 13:06:54] SEND: 0|1|QLCV
2|TM
3|LTM
4|QLCV


[08-12 13:06:55] RECV: LIST_TASK|1

[08-12 13:06:55] SEND: 0|1|fe|Assignee:0


[08-12 13:08:15] RECV: LIST_TASK|1

[08-12 13:08:15] SEND: 0|1|fe|Assignee:0


[08-12 13:08:24] RECV: ASSIGN_TASK|1|duc

[08-12 13:08:24] SEND: 0|Task assigned

[08-12 13:08:36] RECV: LIST_PROJECT

[08-12 13:08:36] SEND: 0|1|QLCV
2|TM
3|LTM
4|QLCV


[08-12 13:08:38] RECV: LIST_TASK|1

[08-12 13:08:38] SEND: 0|1|fe|Assignee:0


[08-12 13:13:39] RECV: LOGIN|hop|123

[08-12 13:13:39] SEND: 0|Login OK

[08-12 13:13:44] RECV: LOGIN|duc|123

[08-12 13:13:44] SEND: 0|Login OK

[08-12 13:14:06] RECV: LIST_TASK|1

[08-12 13:14:06] SEND: 0|1|fe|Assignee:0


[08-12 13:14:15] RECV: ASSIGN_TASK|1|duc

[08-12 13:14:15] SEND: 0|Task assigned

[08-12 13:14:18] RECV: LIST_PROJECT

[08-12 13:14:18] SEND: 0|1|QLCV
2|TM
3|LTM
4|QLCV


[08-12 13:14:19] RECV: LIST_TASK|1

[08-12 13:14:19] SEND: 0|1|fe|Assignee:2


[08-12 13:20:16] RECV: LOGIN|hop|123

[08-12 13:20:16] SEND: 0|Login OK

[08-12 13:20:19] RECV: LOGIN|duc|123

[08-12 13:20:19] SEND: 0|Login OK

[08-12 13:20:25] RECV: LIST_PROJECT

[08-12 13:20:25] SEND: 0|1|QLCV
2|TM
3|LTM
4|QLCV


[08-12 13:20:31] RECV: LIST_PROJECT

[08-12 13:20:31] SEND: 0|1|QLCV


[08-12 13:20:37] RECV: LIST_PROJECT

[08-12 13:20:37] SEND: 0|1|QLCV
2|TM
3|LTM
4|QLCV


[08-12 13:20:41] RECV: LIST_TASK|1

[08-12 13:20:41] SEND: 0|No tasks

[08-12 13:20:55] RECV: LIST_PROJECT

[08-12 13:20:55] SEND: 0|1|QLCV
2|TM
3|LTM
4|QLCV


[08-12 13:21:38] RECV: CREATE_TASK|1|FE|this task create front end

[08-12 13:21:38] SEND: 0|Task created

[08-12 13:21:50] RECV: LIST_TASK|1

[08-12 13:21:50] SEND: 0|No tasks

[08-12 13:22:39] RECV: LOGIN|duc|123

[08-12 13:22:39] SEND: 0|Login OK

[08-12 13:22:45] RECV: LIST_PROJECT

[08-12 13:22:45] SEND: 0|1|QLCV


[08-12 13:22:48] RECV: LIST_TASK|1

[08-12 13:22:48] SEND: 0|No tasks

[08-12 13:26:59] RECV: REGISTER|hop|123

[08-12 13:26:59] SEND: 0|Register OK

[08-12 13:27:05] RECV: LOGIN|hop|123

[08-12 13:27:05] SEND: 0|Login OK

[08-12 13:27:31] RECV: REGISTER|hop|123

[08-12 13:27:31] SEND: 1|Register failed

[08-12 13:27:46] RECV: LOGIN|hop|123

[08-12 13:27:46] SEND: 0|Login OK

[08-12 13:27:59] RECV: LIST_PROJECT

[08-12 13:27:59] SEND: 0|No projects

[08-12 13:28:03] RECV: CREATE_PROJECT|QLCV

[08-12 13:28:03] SEND: 0|Project created

[08-12 13:28:06] RECV: CREATE_PROJECT|ltm

[08-12 13:28:06] SEND: 0|Project created

[08-12 13:28:11] RECV: LIST_PROJECT

[08-12 13:28:11] SEND: 0|1|QLCV
2|ltm


[08-12 13:28:24] RECV: LIST_PROJECT

[08-12 13:28:24] SEND: 0|1|QLCV
2|ltm


[08-12 13:28:29] RECV: INVITE_MEMBER|1|duc

[08-12 13:28:29] SEND: 1|User not found

[08-12 13:28:39] RECV: LIST_PROJECT

[08-12 13:28:39] SEND: 0|1|QLCV
2|ltm


[22-12 10:35:40] RECV: REGISTER|buingochop|12345678

[22-12 10:35:40] SEND: 0|Register OK

[22-12 10:35:42] RECV: LOGIN|buingochop|12345678

[22-12 10:35:42] SEND: 0|Login OK

[22-12 10:35:42] RECV: LIST_PROJECT

[22-12 10:35:42] SEND: 0|No projects

[22-12 10:35:57] RECV: CREATE_PROJECT|LTM

[22-12 10:35:57] SEND: 0|Project created

[22-12 10:35:57] RECV: LIST_PROJECT

[22-12 10:35:57] SEND: 0|3|LTM


[22-12 10:35:57] RECV: LIST_TASK|3 - LTM

[22-12 10:35:57] SEND: 0|No tasks

[22-12 10:35:57] RECV: LIST_TASK_GANTT|3

[22-12 10:35:57] SEND: 0|No tasks

[22-12 10:35:57] RECV: LIST_CHAT|3 - LTM|0

[22-12 10:35:57] SEND: 0|

[22-12 10:35:59] RECV: LIST_CHAT|3 - LTM|0

[22-12 10:35:59] SEND: 0|

[22-12 10:36:01] RECV: LIST_CHAT|3 - LTM|0

[22-12 10:36:01] SEND: 0|

[22-12 10:36:03] RECV: LIST_CHAT|3 - LTM|0

[22-12 10:36:03] SEND: 0|

[22-12 10:36:05] RECV: LIST_CHAT|3 - LTM|0

[22-12 10:36:05] SEND: 0|

[22-12 10:36:07] RECV: LIST_CHAT|3 - LTM|0

[22-12 10:36:07] SEND: 0|

[22-12 10:36:09] RECV: LIST_CHAT|3 - LTM|0

[22-12 10:36:09] SEND: 0|

[22-12 10:36:11] RECV: LIST_CHAT|3 - LTM|0

[22-12 10:36:11] SEND: 0|

[22-12 10:36:13] RECV: LIST_CHAT|3 - LTM|0

[22-12 10:36:13] SEND: 0|

[22-12 10:36:15] RECV: LIST_CHAT|3 - LTM|0

[22-12 10:36:15] SEND: 0|

[22-12 10:36:18] RECV: LIST_CHAT|3 - LTM|0

[22-12 10:36:18] SEND: 0|

[22-12 10:36:20] RECV: LIST_CHAT|3 - LTM|0

[22-12 10:36:20] SEND: 0|

[22-12 10:36:22] RECV: LIST_CHAT|3 - LTM|0

[22-12 10:36:22] SEND: 0|

[22-12 10:36:24] RECV: LIST_CHAT|3 - LTM|0

[22-12 10:36:24] SEND: 0|

[22-12 10:36:26] RECV: LIST_CHAT|3 - LTM|0

[22-12 10:36:26] SEND: 0|

[22-12 10:36:28] RECV: LIST_CHAT|3 - LTM|0

[22-12 10:36:28] SEND: 0|

[22-12 10:36:30] RECV: LIST_CHAT|3 - LTM|0

[22-12 10:36:30] SEND: 0|

[22-12 10:36:32] RECV: LIST_CHAT|3 - LTM|0

[22-12 10:36:32] SEND: 0|

[22-12 10:36:34] RECV: LIST_CHAT|3 - LTM|0

[22-12 10:36:34] SEND: 0|

[22-12 10:36:36] RECV: LIST_CHAT|3 - LTM|0

[22-12 10:36:36] SEND: 0|

[22-12 10:36:38] RECV: LIST_CHAT|3 - LTM|0

[22-12 10:36:38] SEND: 0|

[22-12 10:36:40] RECV: LIST_CHAT|3 - LTM|0

[22-12 10:36:40] SEND: 0|

[22-12 10:36:42] RECV: LIST_CHAT|3 - LTM|0

[22-12 10:36:42] SEND: 0|

[22-12 10:36:44] RECV: LIST_CHAT|3 - LTM|0

[22-12 10:36:44] SEND: 0|

[22-12 10:36:45] RECV: REGISTER|triduce6|12345678

[22-12 10:36:45] SEND: 0|Register OK

[22-12 10:36:45] RECV: LOGIN|triduce6|12345678

[22-12 10:36:45] SEND: 0|Login OK

[22-12 10:36:45] RECV: LIST_PROJECT

[22-12 10:36:45] SEND: 0|No projects

[22-12 10:36:46] RECV: LIST_CHAT|3 - LTM|0

[22-12 10:36:46] SEND: 0|

[22-12 10:36:48] RECV: LIST_CHAT|3 - LTM|0

[22-12 10:36:48] SEND: 0|

[22-12 10:36:50] RECV: LIST_CHAT|3 - LTM|0

[22-12 10:36:50] SEND: 0|

[22-12 10:36:52] RECV: LIST_CHAT|3 - LTM|0

[22-12 10:36:52] SEND: 0|

[22-12 10:36:54] RECV: LIST_CHAT|3 - LTM|0

[22-12 10:36:54] SEND: 0|

[22-12 10:36:56] RECV: LIST_CHAT|3 - LTM|0

[22-12 10:36:56] SEND: 0|

[22-12 10:36:58] RECV: LIST_CHAT|3 - LTM|0

[22-12 10:36:58] SEND: 0|

[22-12 10:36:58] RECV: CREATE_PROJECT|QLCV

[22-12 10:36:58] SEND: 0|Project created

[22-12 10:36:58] RECV: LIST_PROJECT

[22-12 10:36:58] SEND: 0|3|LTM
4|QLCV


[22-12 10:36:58] RECV: LIST_TASK|3 - LTM

[22-12 10:36:58] SEND: 0|No tasks

[22-12 10:36:58] RECV: LIST_TASK_GANTT|3

[22-12 10:36:58] SEND: 0|No tasks

[22-12 10:37:00] RECV: LIST_CHAT|3 - LTM|0

[22-12 10:37:00] SEND: 0|

[22-12 10:37:02] RECV: LIST_CHAT|3 - LTM|0

[22-12 10:37:02] SEND: 0|

[22-12 10:37:04] RECV: LIST_CHAT|3 - LTM|0

[22-12 10:37:04] SEND: 0|

[22-12 10:37:06] RECV: LIST_CHAT|3 - LTM|0

[22-12 10:37:06] SEND: 0|

[22-12 10:37:08] RECV: LIST_CHAT|3 - LTM|0

[22-12 10:37:08] SEND: 0|

[22-12 10:37:09] RECV: INVITE_MEMBER|3|triduce6

[22-12 10:37:09] SEND: 0|Member invited

[22-12 10:37:09] RECV: LIST_PROJECT

[22-12 10:37:09] SEND: 0|3|LTM
4|QLCV


[22-12 10:37:09] RECV: LIST_TASK|3 - LTM

[22-12 10:37:09] SEND: 0|No tasks

[22-12 10:37:09] RECV: LIST_TASK_GANTT|3

[22-12 10:37:09] SEND: 0|No tasks

[22-12 10:37:10] RECV: LIST_CHAT|3 - LTM|0

[22-12 10:37:10] SEND: 0|

[22-12 10:37:12] RECV: LIST_CHAT|3 - LTM|0

[22-12 10:37:12] SEND: 0|

[22-12 10:37:14] RECV: LIST_CHAT|3 - LTM|0

[22-12 10:37:14] SEND: 0|

[22-12 10:37:16] RECV: LIST_CHAT|3 - LTM|0

[22-12 10:37:16] SEND: 0|

[22-12 10:37:18] RECV: LIST_CHAT|3 - LTM|0

[22-12 10:37:18] SEND: 0|

[22-12 10:37:20] RECV: LIST_CHAT|3 - LTM|0

[22-12 10:37:20] SEND: 0|

[22-12 10:37:22] RECV: LIST_CHAT|3 - LTM|0

[22-12 10:37:22] SEND: 0|

[22-12 10:37:24] RECV: LIST_CHAT|3 - LTM|0

[22-12 10:37:24] SEND: 0|

[22-12 10:37:26] RECV: LIST_CHAT|3 - LTM|0

[22-12 10:37:26] SEND: 0|

[22-12 10:37:28] RECV: LIST_CHAT|3 - LTM|0

[22-12 10:37:28] SEND: 0|

[22-12 10:37:30] RECV: LIST_CHAT|3 - LTM|0

[22-12 10:37:30] SEND: 0|

[22-12 10:37:32] RECV: LIST_CHAT|3 - LTM|0

[22-12 10:37:32] SEND: 0|

[22-12 10:37:34] RECV: LIST_CHAT|3 - LTM|0

[22-12 10:37:34] SEND: 0|

[22-12 10:37:35] RECV: LIST_PROJECT

[22-12 10:37:35] SEND: 0|3|LTM


[22-12 10:37:35] RECV: LIST_TASK|3 - LTM

[22-12 10:37:35] SEND: 0|No tasks

[22-12 10:37:35] RECV: LIST_TASK_GANTT|3

[22-12 10:37:35] SEND: 0|No tasks

[22-12 10:37:36] RECV: LIST_CHAT|3 - LTM|0

[22-12 10:37:36] SEND: 0|

[22-12 10:37:37] RECV: LIST_CHAT|3 - LTM|0

[22-12 10:37:37] SEND: 0|

[22-12 10:37:38] RECV: LIST_CHAT|3 - LTM|0

[22-12 10:37:38] SEND: 0|

[22-12 10:37:39] RECV: LIST_CHAT|3 - LTM|0

[22-12 10:37:39] SEND: 0|

[22-12 10:37:40] RECV: LIST_CHAT|3 - LTM|0

[22-12 10:37:40] SEND: 0|

[22-12 10:37:41] RECV: LIST_CHAT|3 - LTM|0

[22-12 10:37:41] SEND: 0|

[22-12 10:37:42] RECV: LIST_CHAT|3 - LTM|0

[22-12 10:37:42] SEND: 0|

[22-12 10:37:43] RECV: LIST_CHAT|3 - LTM|0

[22-12 10:37:43] SEND: 0|

[22-12 10:37:44] RECV: LIST_CHAT|3 - LTM|0

[22-12 10:37:44] SEND: 0|

[22-12 10:37:45] RECV: LIST_CHAT|3 - LTM|0

[22-12 10:37:45] SEND: 0|

[22-12 10:37:46] RECV: LIST_CHAT|3 - LTM|0

[22-12 10:37:46] SEND: 0|

[22-12 10:37:47] RECV: LIST_CHAT|3 - LTM|0

[22-12 10:37:47] SEND: 0|

[22-12 10:37:48] RECV: LIST_CHAT|3 - LTM|0

[22-12 10:37:48] SEND: 0|

[22-12 10:37:49] RECV: LIST_CHAT|3 - LTM|0

[22-12 10:37:49] SEND: 0|

[22-12 10:37:50] RECV: LIST_CHAT|3 - LTM|0

[22-12 10:37:50] SEND: 0|

[22-12 10:37:51] RECV: LIST_CHAT|3 - LTM|0

[22-12 10:37:51] SEND: 0|

[22-12 10:37:52] RECV: LIST_CHAT|3 - LTM|0

[22-12 10:37:52] SEND: 0|

[22-12 10:37:53] RECV: LIST_CHAT|3 - LTM|0

[22-12 10:37:53] SEND: 0|

[22-12 10:37:54] RECV: LIST_CHAT|3 - LTM|0

[22-12 10:37:54] SEND: 0|

[22-12 10:37:55] RECV: LIST_CHAT|3 - LTM|0

[22-12 10:37:55] SEND: 0|

[22-12 10:37:56] RECV: LIST_CHAT|3 - LTM|0

[22-12 10:37:56] SEND: 0|

[22-12 10:37:57] RECV: LIST_CHAT|3 - LTM|0

[22-12 10:37:57] SEND: 0|

[22-12 10:37:58] RECV: LIST_CHAT|3 - LTM|0

[22-12 10:37:58] SEND: 0|

[22-12 10:37:59] RECV: LIST_CHAT|3 - LTM|0

[22-12 10:37:59] SEND: 0|

[22-12 10:38:00] RECV: LIST_CHAT|3 - LTM|0

[22-12 10:38:00] SEND: 0|

[22-12 10:38:01] RECV: LIST_CHAT|3 - LTM|0

[22-12 10:38:01] SEND: 0|

[22-12 10:38:02] RECV: LIST_CHAT|3 - LTM|0

[22-12 10:38:02] SEND: 0|

[22-12 10:38:03] RECV: LIST_CHAT|3 - LTM|0

[22-12 10:38:03] SEND: 0|

[22-12 10:38:04] RECV: LIST_CHAT|3 - LTM|0

[22-12 10:38:04] SEND: 0|

[22-12 10:38:05] RECV: LIST_CHAT|3 - LTM|0

[22-12 10:38:05] SEND: 0|

[22-12 10:38:06] RECV: LIST_CHAT|3 - LTM|0

[22-12 10:38:06] SEND: 0|

[22-12 10:38:07] RECV: LIST_CHAT|3 - LTM|0

[22-12 10:38:07] SEND: 0|

[22-12 10:38:08] RECV: LIST_CHAT|3 - LTM|0

[22-12 10:38:08] SEND: 0|

[22-12 10:38:09] RECV: LIST_CHAT|3 - LTM|0

[22-12 10:38:09] SEND: 0|

[22-12 10:38:10] RECV: LIST_CHAT|3 - LTM|0

[22-12 10:38:10] SEND: 0|

[22-12 10:38:11] RECV: LIST_CHAT|3 - LTM|0

[22-12 10:38:11] SEND: 0|

[22-12 10:38:12] RECV: LIST_CHAT|3 - LTM|0

[22-12 10:38:12] SEND: 0|

[22-12 10:38:13] RECV: LIST_CHAT|3 - LTM|0

[22-12 10:38:13] SEND: 0|

[22-12 10:38:14] RECV: LIST_CHAT|3 - LTM|0

[22-12 10:38:14] SEND: 0|

[22-12 10:38:15] RECV: LIST_CHAT|3 - LTM|0

[22-12 10:38:15] SEND: 0|

[22-12 10:38:16] RECV: LIST_CHAT|3 - LTM|0

[22-12 10:38:16] SEND: 0|

[22-12 10:38:17] RECV: LIST_CHAT|3 - LTM|0

[22-12 10:38:17] SEND: 0|

[22-12 10:38:18] RECV: LIST_CHAT|3 - LTM|0

[22-12 10:38:18] SEND: 0|

[22-12 10:38:19] RECV: LIST_CHAT|3 - LTM|0

[22-12 10:38:19] SEND: 0|

[22-12 10:38:20] RECV: LIST_CHAT|3 - LTM|0

[22-12 10:38:20] SEND: 0|

[22-12 10:38:21] RECV: LIST_CHAT|3 - LTM|0

[22-12 10:38:21] SEND: 0|

[22-12 10:38:22] RECV: LIST_CHAT|3 - LTM|0

[22-12 10:38:22] SEND: 0|

[22-12 10:38:23] RECV: LIST_CHAT|3 - LTM|0

[22-12 10:38:23] SEND: 0|

[22-12 10:38:24] RECV: LIST_CHAT|3 - LTM|0

[22-12 10:38:24] SEND: 0|

[22-12 10:38:25] RECV: LIST_CHAT|3 - LTM|0

[22-12 10:38:25] SEND: 0|

[22-12 10:38:26] RECV: LIST_CHAT|3 - LTM|0

[22-12 10:38:26] SEND: 0|

[22-12 10:38:27] RECV: LIST_CHAT|3 - LTM|0

[22-12 10:38:27] SEND: 0|

[22-12 10:38:28] RECV: LIST_CHAT|3 - LTM|0

[22-12 10:38:28] SEND: 0|

[22-12 10:38:29] RECV: LIST_CHAT|3 - LTM|0

[22-12 10:38:29] SEND: 0|

[22-12 10:38:30] RECV: LIST_CHAT|3 - LTM|0

[22-12 10:38:30] SEND: 0|

[22-12 10:38:31] RECV: LIST_CHAT|3 - LTM|0

[22-12 10:38:31] SEND: 0|

[22-12 10:38:32] RECV: LIST_CHAT|3 - LTM|0

[22-12 10:38:32] SEND: 0|

[22-12 10:38:33] RECV: LIST_CHAT|3 - LTM|0

[22-12 10:38:33] SEND: 0|

[22-12 10:38:34] RECV: LIST_CHAT|3 - LTM|0

[22-12 10:38:34] SEND: 0|

[22-12 10:38:35] RECV: LIST_CHAT|3 - LTM|0

[22-12 10:38:35] SEND: 0|

[22-12 10:38:36] RECV: LIST_CHAT|3 - LTM|0

[22-12 10:38:36] SEND: 0|

[22-12 10:38:37] RECV: LIST_CHAT|3 - LTM|0

[22-12 10:38:37] SEND: 0|

[22-12 10:38:38] RECV: LIST_CHAT|3 - LTM|0

[22-12 10:38:38] SEND: 0|

[22-12 10:38:39] RECV: LIST_CHAT|3 - LTM|0

[22-12 10:38:39] SEND: 0|

[22-12 10:38:39] RECV: CREATE_TASK|3 - LTM|FE|NOPE|triduce6|22/12/2025|30/12/2025

[22-12 10:38:39] SEND: 0|Task created

[22-12 10:38:39] RECV: LIST_TASK|3 - LTM

[22-12 10:38:39] SEND: 0|1|FE|Assignee:triduce6|Status:NOT_STARTED|Progress:0|Start:22/12/2025|End:30/12/2025


[22-12 10:38:39] RECV: LIST_TASK_GANTT|3

[22-12 10:38:39] SEND: 0|1|FE|Status:NOT_STARTED|Progress:0|Start:22/12/2025|End:30/12/2025|Assignee:triduce6


[22-12 10:38:40] RECV: LIST_CHAT|3 - LTM|0

[22-12 10:38:40] SEND: 0|

[22-12 10:38:41] RECV: LIST_CHAT|3 - LTM|0

[22-12 10:38:41] SEND: 0|

[22-12 10:38:42] RECV: LIST_CHAT|3 - LTM|0

[22-12 10:38:42] SEND: 0|

[22-12 10:38:43] RECV: LIST_CHAT|3 - LTM|0

[22-12 10:38:43] SEND: 0|

[22-12 10:38:44] RECV: LIST_CHAT|3 - LTM|0

[22-12 10:38:44] SEND: 0|

[22-12 10:38:45] RECV: LIST_CHAT|3 - LTM|0

[22-12 10:38:45] SEND: 0|

[22-12 10:38:45] RECV: LIST_TASK|3 - LTM

[22-12 10:38:45] SEND: 0|1|FE|Assignee:triduce6|Status:NOT_STARTED|Progress:0|Start:22/12/2025|End:30/12/2025


[22-12 10:38:45] RECV: LIST_TASK_GANTT|3

[22-12 10:38:45] SEND: 0|1|FE|Status:NOT_STARTED|Progress:0|Start:22/12/2025|End:30/12/2025|Assignee:triduce6


[22-12 10:38:46] RECV: LIST_CHAT|3 - LTM|0

[22-12 10:38:46] SEND: 0|

[22-12 10:38:47] RECV: LIST_CHAT|3 - LTM|0

[22-12 10:38:47] SEND: 0|

[22-12 10:38:48] RECV: LIST_CHAT|3 - LTM|0

[22-12 10:38:48] SEND: 0|

[22-12 10:38:49] RECV: LIST_CHAT|3 - LTM|0

[22-12 10:38:49] SEND: 0|

[22-12 10:38:50] RECV: LIST_CHAT|3 - LTM|0

[22-12 10:38:50] SEND: 0|

[22-12 10:38:51] RECV: LIST_CHAT|3 - LTM|0

[22-12 10:38:51] SEND: 0|

[22-12 10:38:52] RECV: LIST_CHAT|3 - LTM|0

[22-12 10:38:52] SEND: 0|

[22-12 10:38:53] RECV: LIST_CHAT|3 - LTM|0

[22-12 10:38:53] SEND: 0|

[22-12 10:38:53] RECV: LIST_TASK|3 - LTM

[22-12 10:38:53] SEND: 0|1|FE|Assignee:triduce6|Status:NOT_STARTED|Progress:0|Start:22/12/2025|End:30/12/2025


[22-12 10:38:53] RECV: LIST_TASK_GANTT|3

[22-12 10:38:53] SEND: 0|1|FE|Status:NOT_STARTED|Progress:0|Start:22/12/2025|End:30/12/2025|Assignee:triduce6


[22-12 10:38:54] RECV: LIST_CHAT|3 - LTM|0

[22-12 10:38:54] SEND: 0|

[22-12 10:38:54] RECV: LIST_TASK|3 - LTM

[22-12 10:38:54] SEND: 0|1|FE|Assignee:triduce6|Status:NOT_STARTED|Progress:0|Start:22/12/2025|End:30/12/2025


[22-12 10:38:54] RECV: LIST_TASK_GANTT|3

[22-12 10:38:54] SEND: 0|1|FE|Status:NOT_STARTED|Progress:0|Start:22/12/2025|End:30/12/2025|Assignee:triduce6


[22-12 10:38:54] RECV: LIST_TASK|3 - LTM

[22-12 10:38:54] SEND: 0|1|FE|Assignee:triduce6|Status:NOT_STARTED|Progress:0|Start:22/12/2025|End:30/12/2025


[22-12 10:38:54] RECV: LIST_TASK_GANTT|3

[22-12 10:38:54] SEND: 0|1|FE|Status:NOT_STARTED|Progress:0|Start:22/12/2025|End:30/12/2025|Assignee:triduce6


[22-12 10:38:55] RECV: LIST_CHAT|3 - LTM|0

[22-12 10:38:55] SEND: 0|

[22-12 10:38:56] RECV: LIST_CHAT|3 - LTM|0

[22-12 10:38:56] SEND: 0|

[22-12 10:38:57] RECV: LIST_CHAT|3 - LTM|0

[22-12 10:38:57] SEND: 0|

[22-12 10:38:58] RECV: LIST_CHAT|3 - LTM|0

[22-12 10:38:58] SEND: 0|

[22-12 10:38:59] RECV: LIST_CHAT|3 - LTM|0

[22-12 10:38:59] SEND: 0|

[22-12 10:39:00] RECV: LIST_CHAT|3 - LTM|0

[22-12 10:39:00] SEND: 0|

[22-12 10:39:01] RECV: LIST_CHAT|3 - LTM|0

[22-12 10:39:01] SEND: 0|

[22-12 10:39:02] RECV: LIST_CHAT|3 - LTM|0

[22-12 10:39:02] SEND: 0|

[22-12 10:39:03] RECV: LIST_CHAT|3 - LTM|0

[22-12 10:39:03] SEND: 0|

[22-12 10:39:04] RECV: LIST_CHAT|3 - LTM|0

[22-12 10:39:04] SEND: 0|

[22-12 10:39:05] RECV: LIST_CHAT|3 - LTM|0

[22-12 10:39:05] SEND: 0|

[22-12 10:39:06] RECV: LIST_CHAT|3 - LTM|0

[22-12 10:39:06] SEND: 0|

[22-12 10:39:07] RECV: LIST_CHAT|3 - LTM|0

[22-12 10:39:07] SEND: 0|

[22-12 10:39:08] RECV: LIST_CHAT|3 - LTM|0

[22-12 10:39:08] SEND: 0|

[22-12 10:39:09] RECV: LIST_CHAT|3 - LTM|0

[22-12 10:39:09] SEND: 0|

[22-12 10:39:10] RECV: LIST_CHAT|3 - LTM|0

[22-12 10:39:10] SEND: 0|

[22-12 10:39:11] RECV: LIST_CHAT|3 - LTM|0

[22-12 10:39:11] SEND: 0|

[22-12 10:39:12] RECV: LIST_CHAT|3 - LTM|0

[22-12 10:39:12] SEND: 0|

[22-12 10:39:13] RECV: LIST_CHAT|3 - LTM|0

[22-12 10:39:13] SEND: 0|

[22-12 10:39:14] RECV: LIST_CHAT|3 - LTM|0

[22-12 10:39:14] SEND: 0|

[22-12 10:39:15] RECV: LIST_CHAT|3 - LTM|0

[22-12 10:39:15] SEND: 0|

[22-12 10:39:16] RECV: LIST_CHAT|3 - LTM|0

[22-12 10:39:16] SEND: 0|

[22-12 10:39:16] RECV: UPDATE_TASK_PROGRESS|1|36

[22-12 10:39:16] SEND: 0|Task progress updated

[22-12 10:39:16] RECV: LIST_TASK|3 - LTM

[22-12 10:39:16] SEND: 0|1|FE|Assignee:triduce6|Status:IN_PROGRESS|Progress:36|Start:22/12/2025|End:30/12/2025


[22-12 10:39:16] RECV: LIST_TASK_GANTT|3

[22-12 10:39:16] SEND: 0|1|FE|Status:IN_PROGRESS|Progress:36|Start:22/12/2025|End:30/12/2025|Assignee:triduce6


[22-12 10:39:17] RECV: LIST_CHAT|3 - LTM|0

[22-12 10:39:17] SEND: 0|

[22-12 10:39:18] RECV: LIST_CHAT|3 - LTM|0

[22-12 10:39:18] SEND: 0|

[22-12 10:39:19] RECV: LIST_CHAT|3 - LTM|0

[22-12 10:39:19] SEND: 0|

[22-12 10:39:20] RECV: LIST_CHAT|3 - LTM|0

[22-12 10:39:20] SEND: 0|

[22-12 10:39:21] RECV: LIST_CHAT|3 - LTM|0

[22-12 10:39:21] SEND: 0|

[22-12 10:39:22] RECV: LIST_CHAT|3 - LTM|0

[22-12 10:39:22] SEND: 0|

[22-12 10:39:23] RECV: LIST_CHAT|3 - LTM|0

[22-12 10:39:23] SEND: 0|

[22-12 10:39:24] RECV: LIST_CHAT|3 - LTM|0

[22-12 10:39:24] SEND: 0|

[22-12 10:39:25] RECV: LIST_CHAT|3 - LTM|0

[22-12 10:39:25] SEND: 0|

[22-12 10:39:26] RECV: LIST_CHAT|3 - LTM|0

[22-12 10:39:26] SEND: 0|

[22-12 10:39:27] RECV: LIST_CHAT|3 - LTM|0

[22-12 10:39:27] SEND: 0|

[22-12 10:39:28] RECV: LIST_CHAT|3 - LTM|0

[22-12 10:39:28] SEND: 0|

[22-12 10:39:29] RECV: LIST_CHAT|3 - LTM|0

[22-12 10:39:29] SEND: 0|

[22-12 10:39:30] RECV: LIST_CHAT|3 - LTM|0

[22-12 10:39:30] SEND: 0|

[22-12 10:39:31] RECV: LIST_CHAT|3 - LTM|0

[22-12 10:39:31] SEND: 0|

[22-12 10:39:32] RECV: LIST_CHAT|3 - LTM|0

[22-12 10:39:32] SEND: 0|

[22-12 10:39:33] RECV: LIST_CHAT|3 - LTM|0

[22-12 10:39:33] SEND: 0|

[22-12 10:39:34] RECV: LIST_CHAT|3 - LTM|0

[22-12 10:39:34] SEND: 0|

[22-12 10:39:35] RECV: LIST_CHAT|3 - LTM|0

[22-12 10:39:35] SEND: 0|

[22-12 10:39:36] RECV: LIST_CHAT|3 - LTM|0

[22-12 10:39:36] SEND: 0|

[22-12 10:39:37] RECV: LIST_CHAT|3 - LTM|0

[22-12 10:39:37] SEND: 0|

[22-12 10:39:38] RECV: LIST_CHAT|3 - LTM|0

[22-12 10:39:38] SEND: 0|

[22-12 10:39:39] RECV: LIST_CHAT|3 - LTM|0

[22-12 10:39:39] SEND: 0|

[22-12 10:39:40] RECV: LIST_CHAT|3 - LTM|0

[22-12 10:39:40] SEND: 0|

[22-12 10:39:41] RECV: LIST_CHAT|3 - LTM|0

[22-12 10:39:41] SEND: 0|

[22-12 10:39:42] RECV: LIST_CHAT|3 - LTM|0

[22-12 10:39:42] SEND: 0|

[22-12 10:39:43] RECV: LIST_CHAT|3 - LTM|0

[22-12 10:39:43] SEND: 0|

[22-12 10:39:44] RECV: LIST_CHAT|3 - LTM|0

[22-12 10:39:44] SEND: 0|

[22-12 10:39:45] RECV: LIST_CHAT|3 - LTM|0

[22-12 10:39:45] SEND: 0|

[22-12 10:39:46] RECV: LIST_CHAT|3 - LTM|0

[22-12 10:39:46] SEND: 0|

[22-12 10:39:47] RECV: LIST_CHAT|3 - LTM|0

[22-12 10:39:47] SEND: 0|

[22-12 10:39:48] RECV: LIST_CHAT|3 - LTM|0

[22-12 10:39:48] SEND: 0|

[22-12 10:39:49] RECV: LIST_CHAT|3 - LTM|0

[22-12 10:39:49] SEND: 0|

[22-12 10:39:50] RECV: LIST_CHAT|3 - LTM|0

[22-12 10:39:50] SEND: 0|

[22-12 10:39:51] RECV: LIST_CHAT|3 - LTM|0

[22-12 10:39:51] SEND: 0|

[22-12 10:39:52] RECV: LIST_CHAT|3 - LTM|0

[22-12 10:39:52] SEND: 0|

[22-12 10:39:53] RECV: LIST_CHAT|3 - LTM|0

[22-12 10:39:53] SEND: 0|

[22-12 10:39:54] RECV: LIST_CHAT|3 - LTM|0

[22-12 10:39:54] SEND: 0|

[22-12 10:39:55] RECV: LIST_CHAT|3 - LTM|0

[22-12 10:39:55] SEND: 0|

[22-12 10:39:56] RECV: LIST_CHAT|3 - LTM|0

[22-12 10:39:56] SEND: 0|

[22-12 10:39:57] RECV: LIST_CHAT|3 - LTM|0

[22-12 10:39:57] SEND: 0|

[22-12 10:39:58] RECV: LIST_CHAT|3 - LTM|0

[22-12 10:39:58] SEND: 0|

[22-12 10:39:59] RECV: LIST_CHAT|3 - LTM|0

[22-12 10:39:59] SEND: 0|

[22-12 10:40:00] RECV: LIST_CHAT|3 - LTM|0

[22-12 10:40:00] SEND: 0|

[22-12 10:40:01] RECV: LIST_CHAT|3 - LTM|0

[22-12 10:40:01] SEND: 0|

[22-12 10:40:01] RECV: LIST_COMMENTS|0

[22-12 10:40:01] SEND: 0|No comments

[22-12 10:40:01] RECV: LIST_COMMENTS|0

[22-12 10:40:01] SEND: 0|No comments

[22-12 10:40:02] RECV: LIST_CHAT|3 - LTM|0

[22-12 10:40:02] SEND: 0|

[22-12 10:40:03] RECV: LIST_CHAT|3 - LTM|0

[22-12 10:40:03] SEND: 0|

[22-12 10:40:04] RECV: LIST_CHAT|3 - LTM|0

[22-12 10:40:04] SEND: 0|

[22-12 10:40:05] RECV: LIST_CHAT|3 - LTM|0

[22-12 10:40:05] SEND: 0|

[22-12 10:40:06] RECV: LIST_CHAT|3 - LTM|0

[22-12 10:40:06] SEND: 0|

[22-12 10:40:07] RECV: LIST_CHAT|3 - LTM|0

[22-12 10:40:07] SEND: 0|

[22-12 10:40:08] RECV: LIST_CHAT|3 - LTM|0

[22-12 10:40:08] SEND: 0|

[22-12 10:40:09] RECV: LIST_CHAT|3 - LTM|0

[22-12 10:40:09] SEND: 0|

[22-12 10:40:10] RECV: LIST_CHAT|3 - LTM|0

[22-12 10:40:10] SEND: 0|

[22-12 10:40:11] RECV: LIST_CHAT|3 - LTM|0

[22-12 10:40:11] SEND: 0|

[22-12 10:40:12] RECV: LIST_CHAT|3 - LTM|0

[22-12 10:40:12] SEND: 0|

[22-12 10:40:13] RECV: LIST_CHAT|3 - LTM|0

[22-12 10:40:13] SEND: 0|

[22-12 10:40:14] RECV: LIST_CHAT|3 - LTM|0

[22-12 10:40:14] SEND: 0|

[22-12 10:40:15] RECV: LIST_CHAT|3 - LTM|0

[22-12 10:40:15] SEND: 0|

[22-12 10:40:16] RECV: LIST_CHAT|3 - LTM|0

[22-12 10:40:16] SEND: 0|

[22-12 10:40:17] RECV: LIST_CHAT|3 - LTM|0

[22-12 10:40:17] SEND: 0|

[22-12 10:40:18] RECV: LIST_CHAT|3 - LTM|0

[22-12 10:40:18] SEND: 0|

[22-12 10:40:19] RECV: LIST_CHAT|3 - LTM|0

[22-12 10:40:19] SEND: 0|

[22-12 10:40:20] RECV: LIST_CHAT|3 - LTM|0

[22-12 10:40:20] SEND: 0|

[22-12 10:40:21] RECV: LIST_CHAT|3 - LTM|0

[22-12 10:40:21] SEND: 0|

[22-12 10:40:22] RECV: LIST_CHAT|3 - LTM|0

[22-12 10:40:22] SEND: 0|

[22-12 10:40:23] RECV: LIST_CHAT|3 - LTM|0

[22-12 10:40:23] SEND: 0|

[22-12 10:40:24] RECV: LIST_CHAT|3 - LTM|0

[22-12 10:40:24] SEND: 0|

[22-12 10:40:25] RECV: LIST_CHAT|3 - LTM|0

[22-12 10:40:25] SEND: 0|

[22-12 10:40:26] RECV: LIST_CHAT|3 - LTM|0

[22-12 10:40:26] SEND: 0|

[22-12 10:40:27] RECV: LIST_CHAT|3 - LTM|0

[22-12 10:40:27] SEND: 0|

[22-12 10:40:28] RECV: LIST_CHAT|3 - LTM|0

[22-12 10:40:28] SEND: 0|

[22-12 10:40:29] RECV: LIST_CHAT|3 - LTM|0

[22-12 10:40:29] SEND: 0|

[22-12 10:40:30] RECV: LIST_CHAT|3 - LTM|0

[22-12 10:40:30] SEND: 0|

[22-12 10:40:31] RECV: LIST_CHAT|3 - LTM|0

[22-12 10:40:31] SEND: 0|

[22-12 10:40:32] RECV: LIST_CHAT|3 - LTM|0

[22-12 10:40:32] SEND: 0|

[22-12 10:40:33] RECV: LIST_CHAT|3 - LTM|0

[22-12 10:40:33] SEND: 0|

[22-12 10:40:34] RECV: LIST_CHAT|3 - LTM|0

[22-12 10:40:34] SEND: 0|

[22-12 10:40:35] RECV: LIST_CHAT|3 - LTM|0

[22-12 10:40:35] SEND: 0|

[22-12 10:40:36] RECV: LIST_CHAT|3 - LTM|0

[22-12 10:40:36] SEND: 0|

[22-12 10:40:37] RECV: LIST_CHAT|3 - LTM|0

[22-12 10:40:37] SEND: 0|

[22-12 10:40:38] RECV: LIST_CHAT|3 - LTM|0

[22-12 10:40:38] SEND: 0|

[22-12 10:40:39] RECV: LIST_CHAT|3 - LTM|0

[22-12 10:40:39] SEND: 0|

[22-12 10:40:40] RECV: LIST_CHAT|3 - LTM|0

[22-12 10:40:40] SEND: 0|

[22-12 10:40:41] RECV: LIST_CHAT|3 - LTM|0

[22-12 10:40:41] SEND: 0|

[22-12 10:40:42] RECV: LIST_CHAT|3 - LTM|0

[22-12 10:40:42] SEND: 0|

[22-12 10:40:43] RECV: LIST_CHAT|3 - LTM|0

[22-12 10:40:43] SEND: 0|

[22-12 10:40:44] RECV: LIST_CHAT|3 - LTM|0

[22-12 10:40:44] SEND: 0|

[22-12 10:40:45] RECV: LIST_CHAT|3 - LTM|0

[22-12 10:40:45] SEND: 0|

[22-12 10:40:46] RECV: LIST_CHAT|3 - LTM|0

[22-12 10:40:46] SEND: 0|

[22-12 10:40:47] RECV: LIST_CHAT|3 - LTM|0

[22-12 10:40:47] SEND: 0|

[22-12 10:40:48] RECV: LIST_CHAT|3 - LTM|0

[22-12 10:40:48] SEND: 0|

[22-12 10:40:49] RECV: LIST_CHAT|3 - LTM|0

[22-12 10:40:49] SEND: 0|

[22-12 10:40:50] RECV: LIST_CHAT|3 - LTM|0

[22-12 10:40:50] SEND: 0|

[22-12 10:40:51] RECV: LIST_CHAT|3 - LTM|0

[22-12 10:40:51] SEND: 0|

[22-12 10:40:52] RECV: LIST_CHAT|3 - LTM|0

[22-12 10:40:52] SEND: 0|

[22-12 10:40:53] RECV: LIST_CHAT|3 - LTM|0

[22-12 10:40:53] SEND: 0|

[22-12 10:40:54] RECV: LIST_CHAT|3 - LTM|0

[22-12 10:40:54] SEND: 0|

[22-12 10:40:55] RECV: LIST_CHAT|3 - LTM|0

[22-12 10:40:55] SEND: 0|

[22-12 10:40:56] RECV: LIST_CHAT|3 - LTM|0

[22-12 10:40:56] SEND: 0|

[22-12 10:40:57] RECV: LIST_CHAT|3 - LTM|0

[22-12 10:40:57] SEND: 0|

[22-12 10:40:58] RECV: LIST_CHAT|3 - LTM|0

[22-12 10:40:58] SEND: 0|

[22-12 10:40:59] RECV: LIST_CHAT|3 - LTM|0

[22-12 10:40:59] SEND: 0|

[22-12 10:41:00] RECV: LIST_CHAT|3 - LTM|0

[22-12 10:41:00] SEND: 0|

[22-12 10:41:01] RECV: LIST_CHAT|3 - LTM|0

[22-12 10:41:01] SEND: 0|

[22-12 10:41:02] RECV: LIST_CHAT|3 - LTM|0

[22-12 10:41:02] SEND: 0|

[22-12 10:41:03] RECV: LIST_CHAT|3 - LTM|0

[22-12 10:41:03] SEND: 0|

[22-12 10:41:04] RECV: LIST_CHAT|3 - LTM|0

[22-12 10:41:04] SEND: 0|

[22-12 10:41:05] RECV: LIST_CHAT|3 - LTM|0

[22-12 10:41:05] SEND: 0|

[22-12 10:41:06] RECV: LIST_CHAT|3 - LTM|0

[22-12 10:41:06] SEND: 0|

[22-12 10:41:07] RECV: LIST_CHAT|3 - LTM|0

[22-12 10:41:07] SEND: 0|

[22-12 10:41:08] RECV: LIST_CHAT|3 - LTM|0

[22-12 10:41:08] SEND: 0|

[22-12 10:41:08] RECV: ADD_ATTACHMENT|1|des|/home/hop/Bản tải về/Register.css

[22-12 10:41:08] SEND: 0|Attachment added

[22-12 10:41:08] RECV: LIST_ATTACHMENTS|1

[22-12 10:41:08] SEND: 0|1|des|/home/hop/Bản tải về/Register.css|2025-12-22 03:41:08


[22-12 10:41:09] RECV: LIST_CHAT|3 - LTM|0

[22-12 10:41:09] SEND: 0|

[22-12 10:41:10] RECV: LIST_CHAT|3 - LTM|0

[22-12 10:41:10] SEND: 0|

[22-12 10:41:11] RECV: LIST_CHAT|3 - LTM|0

[22-12 10:41:11] SEND: 0|

[22-12 10:41:12] RECV: LIST_CHAT|3 - LTM|0

[22-12 10:41:12] SEND: 0|

[22-12 10:41:13] RECV: LIST_CHAT|3 - LTM|0

[22-12 10:41:13] SEND: 0|

[22-12 10:41:14] RECV: LIST_CHAT|3 - LTM|0

[22-12 10:41:14] SEND: 0|

[22-12 10:41:15] RECV: LIST_CHAT|3 - LTM|0

[22-12 10:41:15] SEND: 0|

[22-12 10:41:16] RECV: LIST_CHAT|3 - LTM|0

[22-12 10:41:16] SEND: 0|

[22-12 10:41:17] RECV: LIST_CHAT|3 - LTM|0

[22-12 10:41:17] SEND: 0|

[22-12 10:41:18] RECV: LIST_CHAT|3 - LTM|0

[22-12 10:41:18] SEND: 0|

[22-12 10:41:19] RECV: LIST_CHAT|3 - LTM|0

[22-12 10:41:19] SEND: 0|

[22-12 10:41:20] RECV: LIST_CHAT|3 - LTM|0

[22-12 10:41:20] SEND: 0|

[22-12 10:41:21] RECV: LIST_CHAT|3 - LTM|0

[22-12 10:41:21] SEND: 0|

[22-12 10:41:22] RECV: LIST_CHAT|3 - LTM|0

[22-12 10:41:22] SEND: 0|

[22-12 10:41:23] RECV: LIST_CHAT|3 - LTM|0

[22-12 10:41:23] SEND: 0|

[22-12 10:41:24] RECV: LIST_CHAT|3 - LTM|0

[22-12 10:41:24] SEND: 0|

[22-12 10:41:25] RECV: LIST_CHAT|3 - LTM|0

[22-12 10:41:25] SEND: 0|

[22-12 10:41:26] RECV: LIST_CHAT|3 - LTM|0

[22-12 10:41:26] SEND: 0|

[22-12 10:41:27] RECV: LIST_CHAT|3 - LTM|0

[22-12 10:41:27] SEND: 0|

[22-12 10:41:28] RECV: LIST_CHAT|3 - LTM|0

[22-12 10:41:28] SEND: 0|

[22-12 10:41:29] RECV: LIST_CHAT|3 - LTM|0

[22-12 10:41:29] SEND: 0|

[22-12 10:41:30] RECV: LIST_CHAT|3 - LTM|0

[22-12 10:41:30] SEND: 0|

[22-12 10:41:31] RECV: LIST_CHAT|3 - LTM|0

[22-12 10:41:31] SEND: 0|

[22-12 10:41:32] RECV: LIST_CHAT|3 - LTM|0

[22-12 10:41:32] SEND: 0|

[22-12 10:41:33] RECV: LIST_CHAT|3 - LTM|0

[22-12 10:41:33] SEND: 0|

[22-12 10:41:34] RECV: LIST_CHAT|3 - LTM|0

[22-12 10:41:34] SEND: 0|

[22-12 10:41:35] RECV: LIST_CHAT|3 - LTM|0

[22-12 10:41:35] SEND: 0|

[22-12 10:41:36] RECV: LIST_CHAT|3 - LTM|0

[22-12 10:41:36] SEND: 0|

[22-12 10:41:37] RECV: LIST_CHAT|3 - LTM|0

[22-12 10:41:37] SEND: 0|

[22-12 10:41:38] RECV: LIST_CHAT|3 - LTM|0

[22-12 10:41:38] SEND: 0|

[22-12 10:41:39] RECV: LIST_CHAT|3 - LTM|0

[22-12 10:41:39] SEND: 0|

[22-12 10:41:39] RECV: LIST_ATTACHMENTS|1

[22-12 10:41:39] SEND: 0|1|des|/home/hop/Bản tải về/Register.css|2025-12-22 03:41:08


[22-12 10:41:39] RECV: LIST_ATTACHMENTS|1

[22-12 10:41:39] SEND: 0|1|des|/home/hop/Bản tải về/Register.css|2025-12-22 03:41:08


[22-12 10:41:40] RECV: LIST_ATTACHMENTS|1

[22-12 10:41:40] SEND: 0|1|des|/home/hop/Bản tải về/Register.css|2025-12-22 03:41:08


[22-12 10:41:40] RECV: LIST_ATTACHMENTS|1

[22-12 10:41:40] SEND: 0|1|des|/home/hop/Bản tải về/Register.css|2025-12-22 03:41:08


[22-12 10:41:40] RECV: LIST_CHAT|3 - LTM|0

[22-12 10:41:40] SEND: 0|

[22-12 10:41:41] RECV: LIST_CHAT|3 - LTM|0

[22-12 10:41:41] SEND: 0|

[22-12 10:41:42] RECV: LIST_CHAT|3 - LTM|0

[22-12 10:41:42] SEND: 0|

[22-12 10:41:43] RECV: LIST_CHAT|3 - LTM|0

[22-12 10:41:43] SEND: 0|

[22-12 10:41:44] RECV: LIST_CHAT|3 - LTM|0

[22-12 10:41:44] SEND: 0|

[22-12 10:41:45] RECV: LIST_CHAT|3 - LTM|0

[22-12 10:41:45] SEND: 0|

[22-12 10:41:46] RECV: LIST_CHAT|3 - LTM|0

[22-12 10:41:46] SEND: 0|

[22-12 10:41:47] RECV: LIST_CHAT|3 - LTM|0

[22-12 10:41:47] SEND: 0|

[22-12 10:41:48] RECV: LIST_CHAT|3 - LTM|0

[22-12 10:41:48] SEND: 0|

[22-12 10:41:49] RECV: LIST_CHAT|3 - LTM|0

[22-12 10:41:49] SEND: 0|

[22-12 10:41:50] RECV: LIST_CHAT|3 - LTM|0

[22-12 10:41:50] SEND: 0|

[22-12 10:41:51] RECV: LIST_CHAT|3 - LTM|0

[22-12 10:41:51] SEND: 0|

[22-12 10:41:52] RECV: LIST_CHAT|3 - LTM|0

[22-12 10:41:52] SEND: 0|

[22-12 10:41:53] RECV: LIST_CHAT|3 - LTM|0

[22-12 10:41:53] SEND: 0|

[22-12 10:41:54] RECV: LIST_CHAT|3 - LTM|0

[22-12 10:41:54] SEND: 0|

[22-12 10:41:55] RECV: LIST_CHAT|3 - LTM|0

[22-12 10:41:55] SEND: 0|

[22-12 10:41:56] RECV: LIST_CHAT|3 - LTM|0

[22-12 10:41:56] SEND: 0|

[22-12 10:41:57] RECV: LIST_CHAT|3 - LTM|0

[22-12 10:41:57] SEND: 0|

[22-12 10:41:58] RECV: LIST_CHAT|3 - LTM|0

[22-12 10:41:58] SEND: 0|

[22-12 10:41:59] RECV: LIST_CHAT|3 - LTM|0

[22-12 10:41:59] SEND: 0|

[22-12 10:42:00] RECV: LIST_CHAT|3 - LTM|0

[22-12 10:42:00] SEND: 0|

[22-12 10:42:01] RECV: LIST_CHAT|3 - LTM|0

[22-12 10:42:01] SEND: 0|

[22-12 10:42:02] RECV: LIST_CHAT|3 - LTM|0

[22-12 10:42:02] SEND: 0|

[22-12 10:42:03] RECV: LIST_CHAT|3 - LTM|0

[22-12 10:42:03] SEND: 0|

[22-12 10:42:04] RECV: LIST_CHAT|3 - LTM|0

[22-12 10:42:04] SEND: 0|

[22-12 10:42:05] RECV: LIST_CHAT|3 - LTM|0

[22-12 10:42:05] SEND: 0|

[22-12 10:42:06] RECV: LIST_CHAT|3 - LTM|0

[22-12 10:42:06] SEND: 0|

[22-12 10:42:06] RECV: SEND_CHAT|3 - LTM|alo

[22-12 10:42:06] SEND: 0|Chat sent

[22-12 10:42:06] RECV: LIST_CHAT|3 - LTM|0

[22-12 10:42:06] SEND: 0|1|buingochop|alo|2025-12-22 03:42:06


[22-12 10:42:07] RECV: LIST_CHAT|3 - LTM|0

[22-12 10:42:07] SEND: 0|1|buingochop|alo|2025-12-22 03:42:06


[22-12 10:42:08] RECV: LIST_CHAT|3 - LTM|1

[22-12 10:42:08] SEND: 0|

[22-12 10:42:09] RECV: LIST_CHAT|3 - LTM|1

[22-12 10:42:09] SEND: 0|

[22-12 10:42:10] RECV: LIST_CHAT|3 - LTM|1

[22-12 10:42:10] SEND: 0|

[22-12 10:42:11] RECV: LIST_CHAT|3 - LTM|1

[22-12 10:42:11] SEND: 0|

[22-12 10:42:12] RECV: LIST_CHAT|3 - LTM|1

[22-12 10:42:12] SEND: 0|

[22-12 10:42:13] RECV: LIST_CHAT|3 - LTM|1

[22-12 10:42:13] SEND: 0|

[22-12 10:42:13] RECV: SEND_CHAT|3 - LTM|ơi

[22-12 10:42:13] SEND: 0|Chat sent

[22-12 10:42:13] RECV: LIST_CHAT|3 - LTM|1

[22-12 10:42:13] SEND: 0|2|triduce6|ơi|2025-12-22 03:42:13


[22-12 10:42:14] RECV: LIST_CHAT|3 - LTM|1

[22-12 10:42:14] SEND: 0|2|triduce6|ơi|2025-12-22 03:42:13


[22-12 10:42:15] RECV: LIST_CHAT|3 - LTM|2

[22-12 10:42:15] SEND: 0|

[22-12 10:42:16] RECV: LIST_CHAT|4 - QLCV|2

[22-12 10:42:16] SEND: 0|

[22-12 10:42:17] RECV: LIST_CHAT|3 - LTM|2

[22-12 10:42:17] SEND: 0|

[22-12 10:42:18] RECV: LIST_CHAT|4 - QLCV|2

[22-12 10:42:18] SEND: 0|

[22-12 10:42:19] RECV: LIST_CHAT|3 - LTM|2

[22-12 10:42:19] SEND: 0|

[22-12 10:42:20] RECV: LIST_CHAT|4 - QLCV|2

[22-12 10:42:20] SEND: 0|

[22-12 10:42:21] RECV: LIST_CHAT|3 - LTM|2

[22-12 10:42:21] SEND: 0|

[22-12 10:42:22] RECV: LIST_CHAT|4 - QLCV|2

[22-12 10:42:22] SEND: 0|

[22-12 10:42:23] RECV: LIST_CHAT|3 - LTM|2

[22-12 10:42:23] SEND: 0|

[22-12 10:42:24] RECV: LIST_CHAT|4 - QLCV|2

[22-12 10:42:24] SEND: 0|

[22-12 10:42:25] RECV: LIST_CHAT|3 - LTM|2

[22-12 10:42:25] SEND: 0|

[22-12 10:42:26] RECV: LIST_CHAT|4 - QLCV|2

[22-12 10:42:26] SEND: 0|

[22-12 10:42:27] RECV: LIST_CHAT|3 - LTM|2

[22-12 10:42:27] SEND: 0|

[22-12 10:42:28] RECV: LIST_CHAT|4 - QLCV|2

[22-12 10:42:28] SEND: 0|

[22-12 10:42:29] RECV: LIST_CHAT|3 - LTM|2

[22-12 10:42:29] SEND: 0|

[22-12 10:42:30] RECV: LIST_CHAT|4 - QLCV|2

[22-12 10:42:30] SEND: 0|

[22-12 10:42:31] RECV: LIST_CHAT|3 - LTM|2

[22-12 10:42:31] SEND: 0|

[22-12 10:42:32] RECV: LIST_CHAT|4 - QLCV|2

[22-12 10:42:32] SEND: 0|

[22-12 10:42:33] RECV: LIST_CHAT|3 - LTM|2

[22-12 10:42:33] SEND: 0|

[22-12 10:42:34] RECV: LIST_CHAT|4 - QLCV|2

[22-12 10:42:34] SEND: 0|

[22-12 10:42:35] RECV: LIST_CHAT|3 - LTM|2

[22-12 10:42:35] SEND: 0|

[22-12 10:42:36] RECV: LIST_CHAT|4 - QLCV|2

[22-12 10:42:36] SEND: 0|

[22-12 10:42:37] RECV: LIST_CHAT|3 - LTM|2

[22-12 10:42:37] SEND: 0|

[22-12 10:42:38] RECV: LIST_CHAT|4 - QLCV|2

[22-12 10:42:38] SEND: 0|

[22-12 10:42:39] RECV: LIST_CHAT|3 - LTM|2

[22-12 10:42:39] SEND: 0|

[22-12 10:42:40] RECV: LIST_CHAT|4 - QLCV|2

[22-12 10:42:40] SEND: 0|

[22-12 10:42:41] RECV: LIST_CHAT|3 - LTM|2

[22-12 10:42:41] SEND: 0|

[22-12 10:42:42] RECV: LIST_CHAT|4 - QLCV|2

[22-12 10:42:42] SEND: 0|

[22-12 10:42:43] RECV: LIST_CHAT|3 - LTM|2

[22-12 10:42:43] SEND: 0|

[22-12 10:42:44] RECV: LIST_CHAT|4 - QLCV|2

[22-12 10:42:44] SEND: 0|

[22-12 10:42:45] RECV: LIST_CHAT|3 - LTM|2

[22-12 10:42:45] SEND: 0|

[22-12 10:42:46] RECV: LIST_CHAT|4 - QLCV|2

[22-12 10:42:46] SEND: 0|

[22-12 10:42:47] RECV: LIST_CHAT|3 - LTM|2

[22-12 10:42:47] SEND: 0|

[22-12 10:42:48] RECV: LIST_CHAT|4 - QLCV|2

[22-12 10:42:48] SEND: 0|

[22-12 10:42:49] RECV: LIST_CHAT|3 - LTM|2

[22-12 10:42:49] SEND: 0|

[22-12 10:42:50] RECV: LIST_CHAT|4 - QLCV|2

[22-12 10:42:50] SEND: 0|

[22-12 10:42:51] RECV: LIST_CHAT|3 - LTM|2

[22-12 10:42:51] SEND: 0|

[22-12 10:42:52] RECV: LIST_CHAT|4 - QLCV|2

[22-12 10:42:52] SEND: 0|

[22-12 10:42:53] RECV: LIST_CHAT|3 - LTM|2

[22-12 10:42:53] SEND: 0|

[22-12 10:42:54] RECV: LIST_CHAT|4 - QLCV|2

[22-12 10:42:54] SEND: 0|

[22-12 10:42:55] RECV: LIST_CHAT|3 - LTM|2

[22-12 10:42:55] SEND: 0|

[22-12 10:42:56] RECV: LIST_CHAT|4 - QLCV|2

[22-12 10:42:56] SEND: 0|

[22-12 10:42:57] RECV: LIST_CHAT|3 - LTM|2

[22-12 10:42:57] SEND: 0|

[22-12 10:42:58] RECV: LIST_CHAT|4 - QLCV|2

[22-12 10:42:58] SEND: 0|

[22-12 10:42:59] RECV: LIST_CHAT|3 - LTM|2

[22-12 10:42:59] SEND: 0|

[22-12 10:43:00] RECV: LIST_CHAT|4 - QLCV|2

[22-12 10:43:00] SEND: 0|

[22-12 10:43:01] RECV: LIST_CHAT|3 - LTM|2

[22-12 10:43:01] SEND: 0|

[22-12 10:43:02] RECV: LIST_CHAT|4 - QLCV|2

[22-12 10:43:02] SEND: 0|

[22-12 10:43:03] RECV: LIST_CHAT|3 - LTM|2

[22-12 10:43:03] SEND: 0|

[22-12 10:43:04] RECV: LIST_CHAT|4 - QLCV|2

[22-12 10:43:04] SEND: 0|

[22-12 10:43:05] RECV: LIST_CHAT|3 - LTM|2

[22-12 10:43:05] SEND: 0|

[22-12 10:43:06] RECV: LIST_CHAT|4 - QLCV|2

[22-12 10:43:06] SEND: 0|

[22-12 10:43:07] RECV: LIST_CHAT|3 - LTM|2

[22-12 10:43:07] SEND: 0|

[22-12 10:43:08] RECV: LIST_CHAT|4 - QLCV|2

[22-12 10:43:08] SEND: 0|

[22-12 10:43:09] RECV: LIST_CHAT|3 - LTM|2

[22-12 10:43:09] SEND: 0|

[22-12 10:43:10] RECV: LIST_CHAT|4 - QLCV|2

[22-12 10:43:10] SEND: 0|

[22-12 10:43:11] RECV: LIST_CHAT|3 - LTM|2

[22-12 10:43:11] SEND: 0|

[22-12 10:43:12] RECV: LIST_CHAT|4 - QLCV|2

[22-12 10:43:12] SEND: 0|

[22-12 10:43:13] RECV: LIST_CHAT|3 - LTM|2

[22-12 10:43:13] SEND: 0|

[22-12 10:43:14] RECV: LIST_CHAT|4 - QLCV|2

[22-12 10:43:14] SEND: 0|

[22-12 10:43:15] RECV: LIST_CHAT|3 - LTM|2

[22-12 10:43:15] SEND: 0|

[22-12 10:43:15] RECV: CREATE_TASK|3 - LTM|BE|Nope|triduce6|22/12/2025|1/1/2026

[22-12 10:43:15] SEND: 0|Task created

[22-12 10:43:15] RECV: LIST_TASK|3 - LTM

[22-12 10:43:15] SEND: 0|1|FE|Assignee:triduce6|Status:IN_PROGRESS|Progress:36|Start:22/12/2025|End:30/12/2025
2|BE|Assignee:triduce6|Status:NOT_STARTED|Progress:0|Start:22/12/2025|End:1/1/2026


[22-12 10:43:15] RECV: LIST_TASK_GANTT|3

[22-12 10:43:15] SEND: 0|1|FE|Status:IN_PROGRESS|Progress:36|Start:22/12/2025|End:30/12/2025|Assignee:triduce6
2|BE|Status:NOT_STARTED|Progress:0|Start:22/12/2025|End:1/1/2026|Assignee:triduce6


[22-12 10:43:16] RECV: LIST_CHAT|4 - QLCV|2

[22-12 10:43:16] SEND: 0|

[22-12 10:43:17] RECV: LIST_CHAT|3 - LTM|2

[22-12 10:43:17] SEND: 0|

[22-12 10:43:18] RECV: LIST_CHAT|4 - QLCV|2

[22-12 10:43:18] SEND: 0|

[22-12 10:43:19] RECV: LIST_CHAT|3 - LTM|2

[22-12 10:43:19] SEND: 0|

[22-12 10:43:20] RECV: LIST_CHAT|4 - QLCV|2

[22-12 10:43:20] SEND: 0|

[22-12 10:43:21] RECV: LIST_CHAT|3 - LTM|2

[22-12 10:43:21] SEND: 0|

[22-12 10:43:22] RECV: LIST_TASK|3 - LTM

[22-12 10:43:22] SEND: 0|1|FE|Assignee:triduce6|Status:IN_PROGRESS|Progress:36|Start:22/12/2025|End:30/12/2025
2|BE|Assignee:triduce6|Status:NOT_STARTED|Progress:0|Start:22/12/2025|End:1/1/2026


[22-12 10:43:22] RECV: LIST_TASK_GANTT|3

[22-12 10:43:22] SEND: 0|1|FE|Status:IN_PROGRESS|Progress:36|Start:22/12/2025|End:30/12/2025|Assignee:triduce6
2|BE|Status:NOT_STARTED|Progress:0|Start:22/12/2025|End:1/1/2026|Assignee:triduce6


[22-12 10:43:22] RECV: LIST_CHAT|4 - QLCV|2

[22-12 10:43:22] SEND: 0|

[22-12 10:43:23] RECV: LIST_CHAT|3 - LTM|0

[22-12 10:43:23] SEND: 0|1|buingochop|alo|2025-12-22 03:42:06
2|triduce6|ơi|2025-12-22 03:42:13


[22-12 10:43:24] RECV: LIST_CHAT|4 - QLCV|2

[22-12 10:43:24] SEND: 0|

[22-12 10:43:25] RECV: LIST_CHAT|3 - LTM|2

[22-12 10:43:25] SEND: 0|

[22-12 10:43:26] RECV: LIST_CHAT|4 - QLCV|2

[22-12 10:43:26] SEND: 0|

[22-12 10:43:27] RECV: LIST_CHAT|3 - LTM|2

[22-12 10:43:27] SEND: 0|

[22-12 10:43:28] RECV: LIST_CHAT|4 - QLCV|2

[22-12 10:43:28] SEND: 0|

[22-12 10:43:29] RECV: LIST_CHAT|3 - LTM|2

[22-12 10:43:29] SEND: 0|

[22-12 10:43:30] RECV: UPDATE_TASK_PROGRESS|2|18

[22-12 10:43:30] SEND: 0|Task progress updated

[22-12 10:43:30] RECV: LIST_TASK|3 - LTM

[22-12 10:43:30] SEND: 0|1|FE|Assignee:triduce6|Status:IN_PROGRESS|Progress:36|Start:22/12/2025|End:30/12/2025
2|BE|Assignee:triduce6|Status:IN_PROGRESS|Progress:18|Start:22/12/2025|End:1/1/2026


[22-12 10:43:30] RECV: LIST_TASK_GANTT|3

[22-12 10:43:30] SEND: 0|1|FE|Status:IN_PROGRESS|Progress:36|Start:22/12/2025|End:30/12/2025|Assignee:triduce6
2|BE|Status:IN_PROGRESS|Progress:18|Start:22/12/2025|End:1/1/2026|Assignee:triduce6


[22-12 10:43:30] RECV: LIST_CHAT|4 - QLCV|2

[22-12 10:43:30] SEND: 0|

[22-12 10:43:31] RECV: LIST_CHAT|3 - LTM|2

[22-12 10:43:31] SEND: 0|

[22-12 10:43:32] RECV: LIST_CHAT|4 - QLCV|2

[22-12 10:43:32] SEND: 0|

[22-12 10:43:33] RECV: LIST_CHAT|3 - LTM|2

[22-12 10:43:33] SEND: 0|

[22-12 10:43:34] RECV: LIST_CHAT|4 - QLCV|2

[22-12 10:43:34] SEND: 0|

[22-12 10:43:35] RECV: LIST_CHAT|3 - LTM|2

[22-12 10:43:35] SEND: 0|

[22-12 10:43:35] RECV: LIST_TASK|3 - LTM

[22-12 10:43:35] SEND: 0|1|FE|Assignee:triduce6|Status:IN_PROGRESS|Progress:36|Start:22/12/2025|End:30/12/2025
2|BE|Assignee:triduce6|Status:IN_PROGRESS|Progress:18|Start:22/12/2025|End:1/1/2026


[22-12 10:43:35] RECV: LIST_TASK_GANTT|3

[22-12 10:43:35] SEND: 0|1|FE|Status:IN_PROGRESS|Progress:36|Start:22/12/2025|End:30/12/2025|Assignee:triduce6
2|BE|Status:IN_PROGRESS|Progress:18|Start:22/12/2025|End:1/1/2026|Assignee:triduce6


[22-12 10:43:36] RECV: LIST_CHAT|4 - QLCV|2

[22-12 10:43:36] SEND: 0|

[22-12 10:43:36] RECV: LIST_TASK|3 - LTM

[22-12 10:43:36] SEND: 0|1|FE|Assignee:triduce6|Status:IN_PROGRESS|Progress:36|Start:22/12/2025|End:30/12/2025
2|BE|Assignee:triduce6|Status:IN_PROGRESS|Progress:18|Start:22/12/2025|End:1/1/2026


[22-12 10:43:36] RECV: LIST_TASK_GANTT|3

[22-12 10:43:36] SEND: 0|1|FE|Status:IN_PROGRESS|Progress:36|Start:22/12/2025|End:30/12/2025|Assignee:triduce6
2|BE|Status:IN_PROGRESS|Progress:18|Start:22/12/2025|End:1/1/2026|Assignee:triduce6


[22-12 10:43:36] RECV: LIST_TASK|3 - LTM

[22-12 10:43:36] SEND: 0|1|FE|Assignee:triduce6|Status:IN_PROGRESS|Progress:36|Start:22/12/2025|End:30/12/2025
2|BE|Assignee:triduce6|Status:IN_PROGRESS|Progress:18|Start:22/12/2025|End:1/1/2026


[22-12 10:43:36] RECV: LIST_TASK_GANTT|3

[22-12 10:43:36] SEND: 0|1|FE|Status:IN_PROGRESS|Progress:36|Start:22/12/2025|End:30/12/2025|Assignee:triduce6
2|BE|Status:IN_PROGRESS|Progress:18|Start:22/12/2025|End:1/1/2026|Assignee:triduce6


[22-12 10:43:37] RECV: LIST_CHAT|3 - LTM|0

[22-12 10:43:37] SEND: 0|1|buingochop|alo|2025-12-22 03:42:06
2|triduce6|ơi|2025-12-22 03:42:13


[22-12 10:43:38] RECV: LIST_CHAT|4 - QLCV|2

[22-12 10:43:38] SEND: 0|

[22-12 10:43:39] RECV: LIST_CHAT|3 - LTM|2

[22-12 10:43:39] SEND: 0|

[22-12 10:43:40] RECV: LIST_CHAT|4 - QLCV|2

[22-12 10:43:40] SEND: 0|

[22-12 10:43:41] RECV: LIST_CHAT|3 - LTM|2

[22-12 10:43:41] SEND: 0|

[22-12 10:43:42] RECV: LIST_CHAT|4 - QLCV|2

[22-12 10:43:42] SEND: 0|

[22-12 10:43:43] RECV: LIST_CHAT|3 - LTM|2

[22-12 10:43:43] SEND: 0|

[22-12 10:43:44] RECV: LIST_CHAT|4 - QLCV|2

[22-12 10:43:44] SEND: 0|

[22-12 10:43:44] RECV: UPDATE_TASK_PROGRESS|2|100

[22-12 10:43:44] SEND: 0|Task progress updated

[22-12 10:43:44] RECV: LIST_TASK|3 - LTM

[22-12 10:43:44] SEND: 0|1|FE|Assignee:triduce6|Status:IN_PROGRESS|Progress:36|Start:22/12/2025|End:30/12/2025
2|BE|Assignee:triduce6|Status:DONE|Progress:100|Start:22/12/2025|End:1/1/2026


[22-12 10:43:44] RECV: LIST_TASK_GANTT|3

[22-12 10:43:44] SEND: 0|1|FE|Status:IN_PROGRESS|Progress:36|Start:22/12/2025|End:30/12/2025|Assignee:triduce6
2|BE|Status:DONE|Progress:100|Start:22/12/2025|End:1/1/2026|Assignee:triduce6


[22-12 10:43:45] RECV: UPDATE_TASK_PROGRESS|2|100

[22-12 10:43:45] SEND: 0|Task progress updated

[22-12 10:43:45] RECV: LIST_TASK|3 - LTM

[22-12 10:43:45] SEND: 0|1|FE|Assignee:triduce6|Status:IN_PROGRESS|Progress:36|Start:22/12/2025|End:30/12/2025
2|BE|Assignee:triduce6|Status:DONE|Progress:100|Start:22/12/2025|End:1/1/2026


[22-12 10:43:45] RECV: LIST_TASK_GANTT|3

[22-12 10:43:45] SEND: 0|1|FE|Status:IN_PROGRESS|Progress:36|Start:22/12/2025|End:30/12/2025|Assignee:triduce6
2|BE|Status:DONE|Progress:100|Start:22/12/2025|End:1/1/2026|Assignee:triduce6


[22-12 10:43:45] RECV: LIST_CHAT|3 - LTM|2

[22-12 10:43:45] SEND: 0|

[22-12 10:43:46] RECV: LIST_CHAT|4 - QLCV|2

[22-12 10:43:46] SEND: 0|

[22-12 10:43:47] RECV: LIST_CHAT|3 - LTM|2

[22-12 10:43:47] SEND: 0|

[22-12 10:43:48] RECV: LIST_CHAT|4 - QLCV|2

[22-12 10:43:48] SEND: 0|

[22-12 10:43:49] RECV: LIST_CHAT|3 - LTM|2

[22-12 10:43:49] SEND: 0|

[22-12 10:43:50] RECV: LIST_CHAT|4 - QLCV|2

[22-12 10:43:50] SEND: 0|

[22-12 10:43:51] RECV: LIST_CHAT|3 - LTM|2

[22-12 10:43:51] SEND: 0|

[22-12 10:43:51] RECV: UPDATE_TASK_PROGRESS|2|0

[22-12 10:43:51] SEND: 0|Task progress updated

[22-12 10:43:51] RECV: LIST_TASK|3 - LTM

[22-12 10:43:51] SEND: 0|1|FE|Assignee:triduce6|Status:IN_PROGRESS|Progress:36|Start:22/12/2025|End:30/12/2025
2|BE|Assignee:triduce6|Status:NOT_STARTED|Progress:0|Start:22/12/2025|End:1/1/2026


[22-12 10:43:51] RECV: LIST_TASK_GANTT|3

[22-12 10:43:51] SEND: 0|1|FE|Status:IN_PROGRESS|Progress:36|Start:22/12/2025|End:30/12/2025|Assignee:triduce6
2|BE|Status:NOT_STARTED|Progress:0|Start:22/12/2025|End:1/1/2026|Assignee:triduce6


[22-12 10:43:52] RECV: LIST_CHAT|4 - QLCV|2

[22-12 10:43:52] SEND: 0|

[22-12 10:43:53] RECV: LIST_CHAT|3 - LTM|2

[22-12 10:43:53] SEND: 0|

[22-12 10:43:54] RECV: LIST_CHAT|4 - QLCV|2

[22-12 10:43:54] SEND: 0|

[22-12 10:43:55] RECV: LIST_CHAT|3 - LTM|2

[22-12 10:43:55] SEND: 0|

[22-12 10:43:56] RECV: LIST_CHAT|4 - QLCV|2

[22-12 10:43:56] SEND: 0|

[22-12 10:43:57] RECV: LIST_CHAT|3 - LTM|2

[22-12 10:43:57] SEND: 0|

[22-12 10:43:58] RECV: LIST_CHAT|4 - QLCV|2

[22-12 10:43:58] SEND: 0|

[22-12 10:43:59] RECV: LIST_CHAT|3 - LTM|2

[22-12 10:43:59] SEND: 0|

[22-12 10:44:00] RECV: LIST_CHAT|4 - QLCV|2

[22-12 10:44:00] SEND: 0|

[22-12 10:44:01] RECV: LIST_CHAT|3 - LTM|2

[22-12 10:44:01] SEND: 0|

[22-12 10:44:02] RECV: LIST_CHAT|4 - QLCV|2

[22-12 10:44:02] SEND: 0|

[22-12 10:44:03] RECV: LIST_CHAT|3 - LTM|2

[22-12 10:44:03] SEND: 0|

[22-12 10:44:04] RECV: LIST_CHAT|4 - QLCV|2

[22-12 10:44:04] SEND: 0|

[22-12 10:44:05] RECV: LIST_CHAT|3 - LTM|2

[22-12 10:44:05] SEND: 0|

[22-12 10:44:06] RECV: LIST_CHAT|4 - QLCV|2

[22-12 10:44:06] SEND: 0|

[22-12 10:44:07] RECV: LIST_CHAT|3 - LTM|2

[22-12 10:44:07] SEND: 0|

[22-12 10:44:08] RECV: LIST_CHAT|4 - QLCV|2

[22-12 10:44:08] SEND: 0|

[22-12 10:44:09] RECV: LIST_CHAT|3 - LTM|2

[22-12 10:44:09] SEND: 0|

[22-12 10:44:10] RECV: LIST_CHAT|4 - QLCV|2

[22-12 10:44:10] SEND: 0|

[22-12 10:44:11] RECV: LIST_CHAT|3 - LTM|2

[22-12 10:44:11] SEND: 0|

